mode: set
github.com/koss-null/vector/vector.go:25.36,34.2 3 1
github.com/koss-null/vector/vector.go:36.33,37.17 1 1
github.com/koss-null/vector/vector.go:37.17,39.3 1 1
github.com/koss-null/vector/vector.go:41.2,42.29 2 1
github.com/koss-null/vector/vector.go:42.29,44.3 1 1
github.com/koss-null/vector/vector.go:46.2,46.15 1 1
github.com/koss-null/vector/vector.go:49.42,54.37 2 1
github.com/koss-null/vector/vector.go:54.37,57.3 2 1
github.com/koss-null/vector/vector.go:59.2,60.24 2 1
github.com/koss-null/vector/vector.go:63.33,66.21 3 1
github.com/koss-null/vector/vector.go:66.21,69.3 2 1
github.com/koss-null/vector/vector.go:70.2,70.10 1 1
github.com/koss-null/vector/vector.go:74.58,76.2 1 0
github.com/koss-null/vector/vector.go:79.40,80.2 0 0
github.com/koss-null/vector/vector.go:82.31,84.2 1 1
github.com/koss-null/vector/vector.go:86.36,88.2 1 1
github.com/koss-null/vector/vector.go:90.60,91.21 1 1
github.com/koss-null/vector/vector.go:91.21,92.25 1 1
github.com/koss-null/vector/vector.go:92.25,93.24 1 1
github.com/koss-null/vector/vector.go:93.24,95.5 1 1
github.com/koss-null/vector/vector.go:99.2,99.14 1 1
github.com/koss-null/vector/vector.go:102.69,106.19 3 1
github.com/koss-null/vector/vector.go:106.19,108.3 1 1
github.com/koss-null/vector/vector.go:110.2,110.21 1 1
github.com/koss-null/vector/vector.go:110.21,111.25 1 1
github.com/koss-null/vector/vector.go:111.25,112.69 1 1
github.com/koss-null/vector/vector.go:112.69,113.43 1 1
github.com/koss-null/vector/vector.go:113.43,116.6 2 1
github.com/koss-null/vector/vector.go:121.2,121.12 1 1
github.com/koss-null/vector/vector.go:124.94,128.17 3 1
github.com/koss-null/vector/vector.go:128.17,131.3 2 1
github.com/koss-null/vector/vector.go:133.2,133.61 1 1
github.com/koss-null/vector/vector.go:136.54,142.23 4 1
github.com/koss-null/vector/vector.go:142.23,144.3 1 1
github.com/koss-null/vector/vector.go:145.2,145.17 1 1
github.com/koss-null/vector/vector.go:148.109,154.21 4 1
github.com/koss-null/vector/vector.go:154.21,155.25 1 1
github.com/koss-null/vector/vector.go:155.25,156.24 1 1
github.com/koss-null/vector/vector.go:156.24,158.5 1 1
github.com/koss-null/vector/vector.go:159.4,161.28 3 1
github.com/koss-null/vector/vector.go:161.28,164.5 2 1
github.com/koss-null/vector/vector.go:168.2,168.20 1 1
github.com/koss-null/vector/vector.go:168.20,170.3 1 1
github.com/koss-null/vector/vector.go:171.2,173.28 2 1
github.com/koss-null/vector/vector.go:173.28,175.3 1 0
github.com/koss-null/vector/vector.go:176.2,176.55 1 1
github.com/koss-null/vector/vector.go:179.37,180.19 1 1
github.com/koss-null/vector/vector.go:180.19,181.30 1 1
github.com/koss-null/vector/vector.go:181.30,183.4 1 1
github.com/koss-null/vector/vector.go:185.3,188.29 3 1
github.com/koss-null/vector/vector.go:188.29,191.4 2 1
github.com/koss-null/vector/vector.go:193.2,194.17 2 1
